<?xml version="1.0" encoding="UTF-8"?>
<testsuite name="com.galvanize.employeedb.EmployeedbApplicationTests" tests="3" skipped="0" failures="0" errors="0" timestamp="2019-05-17T17:31:36" hostname="Allas-MacBook-Air.local" time="0.086">
  <properties/>
  <testcase name="getEmplloyeeShouldReturnASingleEmployeeWhenAnEmpIDisProvided" classname="com.galvanize.employeedb.EmployeedbApplicationTests" time="0.081"/>
  <testcase name="getEmployeeShouldReturnAListOfEmployees" classname="com.galvanize.employeedb.EmployeedbApplicationTests" time="0.001"/>
  <testcase name="postEmployeeShouldAddANewEmployeeToTheDatabase" classname="com.galvanize.employeedb.EmployeedbApplicationTests" time="0.001"/>
  <system-out><![CDATA[]]></system-out>
  <system-err><![CDATA[]]></system-err>
</testsuite>
